<?xml version="1.0" encoding="UTF-8"?>
<testsuites name="Regression" time="55.197" tests="1" failures="0" errors="0">
   <testsuite name="Regression" tests="1" failures="0" errors="0" time="55.197" skipped="0" timestamp="2022-10-25 09:28:17" hostname="MSI - DESKTOP-P3BAH7Q" id="Test Suites/Regression">
      <properties>
         <property name="deviceName" value="emulator-5554 (Android SDK built for x86_64 - Android 10)"/>
         <property name="devicePlatform" value=""/>
         <property name="logFolder" value="C:\\Users\\MSI\\git\\automation-fe\\Reports\\20221025_092809\\Regression\\20221025_092809"/>
         <property name="logFiles" value="C:\\Users\\MSI\\git\\automation-fe\\Reports\\20221025_092809\\Regression\\20221025_092809\\appium.log, C:\\Users\\MSI\\git\\automation-fe\\Reports\\20221025_092809\\Regression\\20221025_092809\\execution0.log"/>
         <property name="attachments" value=""/>
         <property name="hostName" value="MSI - DESKTOP-P3BAH7Q"/>
         <property name="os" value="Windows 10 64bit"/>
         <property name="appiumServerStatus" value="{&quot;value&quot;:{&quot;build&quot;:{&quot;version&quot;:&quot;1.22.2&quot;}},&quot;sessionId&quot;:null,&quot;status&quot;:0}"/>
         <property name="katalonVersion" value="8.4.1.208"/>
         <property name="deviceOS" value="Android"/>
         <property name="appiumVersion" value="1.22.2"/>
         <property name="deviceModel" value="Android SDK built for x86_64"/>
         <property name="hostAddress" value="192.168.18.21"/>
         <property name="deviceManufacturer" value="Google"/>
         <property name="deviceId" value="emulator-5554"/>
         <property name="deviceName" value="emulator-5554 (Android SDK built for x86_64 - Android 10)"/>
         <property name="deviceOSVersion" value="10"/>
      </properties>
      <testcase name="Test Cases/Regression" time="55.018" classname="Test Cases/Regression" status="INCOMPLETE">
         <system-out><![CDATA[2022-10-25 09:28:18 - [TEST_CASE][INCOMPLETE] - Test Cases/Regression: null

2022-10-25 09:28:18 - [TEST_STEP][INCOMPLETE] - runFeatureFile("Include/features/Login.feature"): null

2022-10-25 09:28:18 - [MESSAGE][INFO] - Starting run keyword runFeatureFile: 'Include/features/Login.feature' and extract report to folder: 'C:\Users\MSI\git\automation-fe\Reports\20221025_092809\Regression\20221025_092809/cucumber_report/1666664898345'...

2022-10-25 09:28:19 - [TEST_CASE][PASSED] - Start Test Case : SCENARIO Login with InValid Credentials: SCENARIO Login with InValid Credentials

2022-10-25 09:28:19 - [TEST_STEP][PASSED] - I open default app: I open default app

2022-10-25 09:28:19 - [MESSAGE][INFO] - User set preference: ['deviceId', 'emulator-5554']

2022-10-25 09:28:19 - [MESSAGE][INFO] - Detected NodeJS location: "C:\Program Files\nodejs\node.exe"

2022-10-25 09:28:20 - [MESSAGE][INFO] - Appium server started on port 52,237

2022-10-25 09:28:28 - [MESSAGE][PASSED] - Starting app with application ID: 'id.chatalia.app'

2022-10-25 09:28:33 - [MESSAGE][PASSED] - Delayed 5 second(s)

2022-10-25 09:28:33 - [MESSAGE][PASSED] - I open default app

2022-10-25 09:28:33 - [TEST_STEP][PASSED] - I should see 'Production/Login/SelamatDatang_Text': I should see 'Production/Login/SelamatDatang_Text'

2022-10-25 09:28:33 - [MESSAGE][PASSED] - Element 'Object Repository/Production/Login/SelamatDatang_Text' is visible

2022-10-25 09:28:33 - [MESSAGE][PASSED] - I should see 'Production/Login/SelamatDatang_Text'

2022-10-25 09:28:33 - [TEST_STEP][PASSED] - I click 'Production/Login/Lewati_Button': I click 'Production/Login/Lewati_Button'

2022-10-25 09:28:33 - [MESSAGE][PASSED] - Tapped on element 'Object Repository/Production/Login/Lewati_Button'

2022-10-25 09:28:33 - [MESSAGE][PASSED] - I click 'Production/Login/Lewati_Button'

2022-10-25 09:28:33 - [TEST_STEP][PASSED] - I click 'Production/Login/Mulai_Button': I click 'Production/Login/Mulai_Button'

2022-10-25 09:28:36 - [MESSAGE][PASSED] - Tapped on element 'Object Repository/Production/Login/Mulai_Button'

2022-10-25 09:28:36 - [MESSAGE][PASSED] - I click 'Production/Login/Mulai_Button'

2022-10-25 09:28:36 - [TEST_STEP][PASSED] - I click 'Production/Login/Email_Field': I click 'Production/Login/Email_Field'

2022-10-25 09:28:37 - [MESSAGE][PASSED] - Tapped on element 'Object Repository/Production/Login/Email_Field'

2022-10-25 09:28:37 - [MESSAGE][PASSED] - I click 'Production/Login/Email_Field'

2022-10-25 09:28:37 - [TEST_STEP][PASSED] - I type 'test312@gmail.com' on 'Production/Login/Email_Field': I type 'test312@gmail.com' on 'Production/Login/Email_Field'

2022-10-25 09:28:37 - [MESSAGE][PASSED] - Text 'test312@gmail.com' has been set to element 'Object Repository/Production/Login/Email_Field'

2022-10-25 09:28:37 - [MESSAGE][PASSED] - I type 'test312@gmail.com' on 'Production/Login/Email_Field'

2022-10-25 09:28:37 - [TEST_STEP][PASSED] - I hide keyboard: I hide keyboard

2022-10-25 09:28:37 - [MESSAGE][PASSED] - Keyboard is hidden

2022-10-25 09:28:37 - [MESSAGE][PASSED] - I hide keyboard

2022-10-25 09:28:37 - [TEST_STEP][PASSED] - I click 'Production/Login/Password_Field': I click 'Production/Login/Password_Field'

2022-10-25 09:28:38 - [MESSAGE][PASSED] - Tapped on element 'Object Repository/Production/Login/Password_Field'

2022-10-25 09:28:38 - [MESSAGE][PASSED] - I click 'Production/Login/Password_Field'

2022-10-25 09:28:38 - [TEST_STEP][PASSED] - I type '123456' on 'Production/Login/Password_Field': I type '123456' on 'Production/Login/Password_Field'

2022-10-25 09:28:39 - [MESSAGE][PASSED] - Text '123456' has been set to element 'Object Repository/Production/Login/Password_Field'

2022-10-25 09:28:39 - [MESSAGE][PASSED] - I type '123456' on 'Production/Login/Password_Field'

2022-10-25 09:28:39 - [TEST_STEP][PASSED] - I hide keyboard: I hide keyboard

2022-10-25 09:28:40 - [MESSAGE][PASSED] - Keyboard is hidden

2022-10-25 09:28:40 - [MESSAGE][PASSED] - I hide keyboard

2022-10-25 09:28:40 - [TEST_STEP][PASSED] - I click 'Production/Login/Login_Button': I click 'Production/Login/Login_Button'

2022-10-25 09:28:41 - [MESSAGE][PASSED] - Tapped on element 'Object Repository/Production/Login/Login_Button'

2022-10-25 09:28:41 - [MESSAGE][PASSED] - I click 'Production/Login/Login_Button'

2022-10-25 09:28:41 - [TEST_STEP][PASSED] - I wait for 5 seconds: I wait for 5 seconds

2022-10-25 09:28:46 - [MESSAGE][PASSED] - Delayed 5 second(s)

2022-10-25 09:28:46 - [MESSAGE][PASSED] - I wait for 5 seconds

2022-10-25 09:28:46 - [TEST_STEP][PASSED] - I should see 'Production/Login/LoginGagal': I should see 'Production/Login/LoginGagal'

2022-10-25 09:28:46 - [MESSAGE][PASSED] - Element 'Object Repository/Production/Login/LoginGagal' is visible

2022-10-25 09:28:46 - [MESSAGE][PASSED] - I should see 'Production/Login/LoginGagal'

2022-10-25 09:28:46 - [TEST_STEP][PASSED] - I wait for 5 seconds: I wait for 5 seconds

2022-10-25 09:28:51 - [MESSAGE][PASSED] - Delayed 5 second(s)

2022-10-25 09:28:51 - [MESSAGE][PASSED] - I wait for 5 seconds

2022-10-25 09:28:51 - [TEST_STEP][PASSED] - I kill app: I kill app

2022-10-25 09:28:52 - [MESSAGE][PASSED] - Press back button successfully

2022-10-25 09:28:52 - [MESSAGE][PASSED] - Press back button successfully

2022-10-25 09:28:53 - [MESSAGE][PASSED] - Press back button successfully

2022-10-25 09:28:53 - [MESSAGE][PASSED] - I kill app

2022-10-25 09:28:53 - [TEST_CASE][INCOMPLETE] - Start Test Case : SCENARIO Login with Valid Credentials: null

2022-10-25 09:28:53 - [TEST_STEP][PASSED] - I open default app: I open default app

2022-10-25 09:28:53 - [MESSAGE][INFO] - User set preference: ['deviceId', 'emulator-5554']

2022-10-25 09:28:59 - [MESSAGE][PASSED] - Starting app with application ID: 'id.chatalia.app'

2022-10-25 09:29:04 - [MESSAGE][PASSED] - Delayed 5 second(s)

2022-10-25 09:29:04 - [MESSAGE][PASSED] - I open default app

2022-10-25 09:29:04 - [TEST_STEP][PASSED] - I should see 'Production/Login/SelamatDatang_Text': I should see 'Production/Login/SelamatDatang_Text'

2022-10-25 09:29:04 - [MESSAGE][PASSED] - Element 'Object Repository/Production/Login/SelamatDatang_Text' is visible

2022-10-25 09:29:04 - [MESSAGE][PASSED] - I should see 'Production/Login/SelamatDatang_Text'

2022-10-25 09:29:04 - [TEST_STEP][PASSED] - I click 'Production/Login/Lewati_Button': I click 'Production/Login/Lewati_Button'

2022-10-25 09:29:05 - [MESSAGE][PASSED] - Tapped on element 'Object Repository/Production/Login/Lewati_Button'

2022-10-25 09:29:05 - [MESSAGE][PASSED] - I click 'Production/Login/Lewati_Button'

2022-10-25 09:29:05 - [TEST_STEP][PASSED] - I click 'Production/Login/Mulai_Button': I click 'Production/Login/Mulai_Button'

2022-10-25 09:29:07 - [MESSAGE][PASSED] - Tapped on element 'Object Repository/Production/Login/Mulai_Button'

2022-10-25 09:29:07 - [MESSAGE][PASSED] - I click 'Production/Login/Mulai_Button'

2022-10-25 09:29:07 - [TEST_STEP][PASSED] - I click 'Production/Login/Email_Field': I click 'Production/Login/Email_Field'

2022-10-25 09:29:07 - [MESSAGE][PASSED] - Tapped on element 'Object Repository/Production/Login/Email_Field'

2022-10-25 09:29:07 - [MESSAGE][PASSED] - I click 'Production/Login/Email_Field'

2022-10-25 09:29:07 - [TEST_STEP][PASSED] - I type 'test31@gmail.com' on 'Production/Login/Email_Field': I type 'test31@gmail.com' on 'Production/Login/Email_Field'

2022-10-25 09:29:08 - [MESSAGE][PASSED] - Text 'test31@gmail.com' has been set to element 'Object Repository/Production/Login/Email_Field'

2022-10-25 09:29:08 - [MESSAGE][PASSED] - I type 'test31@gmail.com' on 'Production/Login/Email_Field'

2022-10-25 09:29:08 - [TEST_STEP][PASSED] - I hide keyboard: I hide keyboard

2022-10-25 09:29:08 - [MESSAGE][PASSED] - Keyboard is hidden

2022-10-25 09:29:08 - [MESSAGE][PASSED] - I hide keyboard

2022-10-25 09:29:08 - [TEST_STEP][PASSED] - I click 'Production/Login/Password_Field': I click 'Production/Login/Password_Field'

2022-10-25 09:29:09 - [MESSAGE][PASSED] - Tapped on element 'Object Repository/Production/Login/Password_Field'

2022-10-25 09:29:09 - [MESSAGE][PASSED] - I click 'Production/Login/Password_Field'

2022-10-25 09:29:09 - [TEST_STEP][PASSED] - I type '123456' on 'Production/Login/Password_Field': I type '123456' on 'Production/Login/Password_Field'

2022-10-25 09:29:10 - [MESSAGE][PASSED] - Text '123456' has been set to element 'Object Repository/Production/Login/Password_Field'

2022-10-25 09:29:10 - [MESSAGE][PASSED] - I type '123456' on 'Production/Login/Password_Field'

2022-10-25 09:29:10 - [TEST_STEP][PASSED] - I hide keyboard: I hide keyboard

2022-10-25 09:29:11 - [MESSAGE][PASSED] - Keyboard is hidden

2022-10-25 09:29:12 - [MESSAGE][PASSED] - I hide keyboard

2022-10-25 09:29:12 - [TEST_STEP][PASSED] - I click 'Production/Login/Login_Button': I click 'Production/Login/Login_Button'

2022-10-25 09:29:13 - [MESSAGE][PASSED] - Tapped on element 'Object Repository/Production/Login/Login_Button'

2022-10-25 09:29:13 - [MESSAGE][PASSED] - I click 'Production/Login/Login_Button'

2022-10-25 09:29:13 - [TEST_STEP][INCOMPLETE] - I wait for 5 seconds: null]]></system-out>
         <system-err><![CDATA[2022-10-25 09:28:18 - [TEST_CASE][INCOMPLETE] - Test Cases/Regression: null]]></system-err>
      </testcase>
      <system-out><![CDATA[2022-10-25 09:28:17 - [TEST_SUITE][INCOMPLETE] - Regression: null]]></system-out>
      <system-err><![CDATA[2022-10-25 09:28:17 - [TEST_SUITE][INCOMPLETE] - Regression: null]]></system-err>
   </testsuite>
</testsuites>
